<?xml version="1.0" encoding="UTF-8"?>
<testsuite xmlns:xsi="http://www.w3.org/2001/XMLSchema-instance" xsi:noNamespaceSchemaLocation="https://maven.apache.org/surefire/maven-surefire-plugin/xsd/surefire-test-report.xsd" name="com.kunbo.DemoApplicationTests" time="8.129" tests="2" errors="0" skipped="0" failures="0">
  <properties>
[...]
</properties>
  <testcase name="test" classname="com.kunbo.DemoApplicationTests" time="0.149"/>
  <testcase name="contextLoads" classname="com.kunbo.DemoApplicationTests" time="5.62"/>
</testsuite>